<?xml version="1.0" encoding="UTF-8"?>
<!-- Generated by org.testng.reporters.JUnitXMLReporter -->
<testsuite ignored="0" hostname="LTIN258449" failures="0" tests="19" name="Test" time="100.868" errors="0" timestamp="2024-03-01T16:02:33 IST">
  <testcase classname="testcase.testcase_zigwheels01" name="mainlog" time="0.788"/>
  <testcase classname="testcase.testcase_zigwheels01" name="getupbikes" time="0.918"/>
  <testcase classname="testcase.testcase_zigwheels01" name="Selectupbikes" time="3.46"/>
  <testcase classname="testcase.testcase_zigwheels01" name="gethonda" time="0.832"/>
  <testcase classname="testcase.testcase_zigwheels01" name="sdrop" time="1.681"/>
  <testcase classname="testcase.testcase_zigwheels01" name="selectingreadmore" time="0.566"/>
  <testcase classname="testcase.testcase_zigwheels01" name="printingreqdetails" time="5.833"/>
  <testcase classname="testcase.testcase_zigwheels01" name="navghp" time="5.06"/>
  <testcase classname="testcase.testcase_zigwheels01" name="popm" time="0.24"/>
  <testcase classname="testcase.testcase_zigwheels01" name="selcityaschn" time="26.089"/>
  <testcase classname="testcase.testcase_zigwheels01" name="scroillingucpm" time="0.062"/>
  <testcase classname="testcase.testcase_zigwheels01" name="printpm" time="0.272"/>
  <testcase classname="testcase.testcase_zigwheels01" name="navghp2" time="8.549"/>
  <testcase classname="testcase.testcase_zigwheels01" name="getlogo" time="0.082"/>
  <testcase classname="testcase.testcase_zigwheels01" name="registering" time="0.546"/>
  <testcase classname="testcase.testcase_zigwheels01" name="selectinggoogle" time="0.595"/>
  <testcase classname="testcase.testcase_zigwheels01" name="reg" time="4.036"/>
  <testcase classname="testcase.testcase_zigwheels01" name="clknb" time="1.088"/>
  <testcase classname="testcase.testcase_zigwheels01" name="getemess" time="0.59"/>
</testsuite> <!-- Test -->
